

Version:	3.50
CmdLine:	D:\MetaTrader\metaTraderBrokerAdmin-master\metadmin.exe --l4j-debug
JNI:		No
WOW64:		Yes
Working dir:	D:\MetaTrader\metaTraderBrokerAdmin-master\.
Requires JDK:	No
Requires 64-Bit: No
Java min ver:	
Java max ver:	
Substitute:	JAVA_HOME = 
Substitute:	PATH = C:\Program Files\Common Files\Oracle\Java\javapath;C:\Windows\system32;C:\Windows;C:\Windows\System32\Wbem;C:\Windows\System32\WindowsPowerShell\v1.0\;C:\Windows\System32\OpenSSH\;C:\Users\Lenovo\AppData\Local\Microsoft\WindowsApps;C:\Program Files\Java\jdk-17\bin
JRE paths:	;C:\Program Files\Common Files\Oracle\Java\javapath;C:\Windows\system32;C:\Windows;C:\Windows\System32\Wbem;C:\Windows\System32\WindowsPowerShell\v1.0\;C:\Windows\System32\OpenSSH\;C:\Users\Lenovo\AppData\Local\Microsoft\WindowsApps;C:\Program Files\Java\jdk-17\bin
Check launcher:	C:\Program Files\Common Files\Oracle\Java\javapath\bin\javaw.exe (not found)
Check launcher:	C:\Windows\system32\bin\javaw.exe (not found)
Check launcher:	C:\Windows\bin\javaw.exe (not found)
Check launcher:	C:\Windows\System32\Wbem\bin\javaw.exe (not found)
Check launcher:	C:\Windows\System32\WindowsPowerShell\v1.0\bin\javaw.exe (not found)
Check launcher:	C:\Windows\System32\OpenSSH\bin\javaw.exe (not found)
Check launcher:	C:\Users\Lenovo\AppData\Local\Microsoft\WindowsApps\bin\javaw.exe (not found)
Check launcher:	C:\Program Files\Java\jdk-17\bin\javaw.exe (OK)
Version string: 1.017.000_009 / 64-Bit (OK)
Launcher:	C:\Program Files\Java\jdk-17\bin\javaw.exe
Launcher args:	-jar "D:\MetaTrader\metaTraderBrokerAdmin-master\metadmin.exe"
Args length:	62/32768 chars
Exit code:	0


Version:	3.50
CmdLine:	D:\MetaTrader\metaTraderBrokerAdmin-master\metadmin.exe --l4j-debug
JNI:		No
WOW64:		Yes
Working dir:	D:\MetaTrader\metaTraderBrokerAdmin-master\.
Requires JDK:	No
Requires 64-Bit: No
Java min ver:	
Java max ver:	
Substitute:	JAVA_HOME = 
Substitute:	PATH = C:\Program Files\Common Files\Oracle\Java\javapath;C:\Windows\system32;C:\Windows;C:\Windows\System32\Wbem;C:\Windows\System32\WindowsPowerShell\v1.0\;C:\Windows\System32\OpenSSH\;C:\Users\Lenovo\AppData\Local\Microsoft\WindowsApps;C:\Program Files\Java\jdk-17\bin
JRE paths:	;C:\Program Files\Common Files\Oracle\Java\javapath;C:\Windows\system32;C:\Windows;C:\Windows\System32\Wbem;C:\Windows\System32\WindowsPowerShell\v1.0\;C:\Windows\System32\OpenSSH\;C:\Users\Lenovo\AppData\Local\Microsoft\WindowsApps;C:\Program Files\Java\jdk-17\bin
Check launcher:	C:\Program Files\Common Files\Oracle\Java\javapath\bin\javaw.exe (not found)
Check launcher:	C:\Windows\system32\bin\javaw.exe (not found)
Check launcher:	C:\Windows\bin\javaw.exe (not found)
Check launcher:	C:\Windows\System32\Wbem\bin\javaw.exe (not found)
Check launcher:	C:\Windows\System32\WindowsPowerShell\v1.0\bin\javaw.exe (not found)
Check launcher:	C:\Windows\System32\OpenSSH\bin\javaw.exe (not found)
Check launcher:	C:\Users\Lenovo\AppData\Local\Microsoft\WindowsApps\bin\javaw.exe (not found)
Check launcher:	C:\Program Files\Java\jdk-17\bin\javaw.exe (OK)
Version string: 1.017.000_009 / 64-Bit (OK)
Launcher:	C:\Program Files\Java\jdk-17\bin\javaw.exe
Launcher args:	-jar "D:\MetaTrader\metaTraderBrokerAdmin-master\metadmin.exe"
Args length:	62/32768 chars
Exit code:	0


Version:	3.50
CmdLine:	D:\MetaTrader\metaTraderBrokerAdmin-master\metadmin.exe --l4j-debug
JNI:		No
WOW64:		Yes
Working dir:	D:\MetaTrader\metaTraderBrokerAdmin-master\.
Requires JDK:	No
Requires 64-Bit: No
Java min ver:	
Java max ver:	
Substitute:	JAVA_HOME = 
Substitute:	PATH = C:\Program Files\Common Files\Oracle\Java\javapath;C:\Windows\system32;C:\Windows;C:\Windows\System32\Wbem;C:\Windows\System32\WindowsPowerShell\v1.0\;C:\Windows\System32\OpenSSH\;C:\Users\Lenovo\AppData\Local\Microsoft\WindowsApps;C:\Program Files\Java\jdk-17\bin
JRE paths:	;C:\Program Files\Common Files\Oracle\Java\javapath;C:\Windows\system32;C:\Windows;C:\Windows\System32\Wbem;C:\Windows\System32\WindowsPowerShell\v1.0\;C:\Windows\System32\OpenSSH\;C:\Users\Lenovo\AppData\Local\Microsoft\WindowsApps;C:\Program Files\Java\jdk-17\bin
Check launcher:	C:\Program Files\Common Files\Oracle\Java\javapath\bin\javaw.exe (not found)
Check launcher:	C:\Windows\system32\bin\javaw.exe (not found)
Check launcher:	C:\Windows\bin\javaw.exe (not found)
Check launcher:	C:\Windows\System32\Wbem\bin\javaw.exe (not found)
Check launcher:	C:\Windows\System32\WindowsPowerShell\v1.0\bin\javaw.exe (not found)
Check launcher:	C:\Windows\System32\OpenSSH\bin\javaw.exe (not found)
Check launcher:	C:\Users\Lenovo\AppData\Local\Microsoft\WindowsApps\bin\javaw.exe (not found)
Check launcher:	C:\Program Files\Java\jdk-17\bin\javaw.exe (OK)
Version string: 1.017.000_009 / 64-Bit (OK)
Launcher:	C:\Program Files\Java\jdk-17\bin\javaw.exe
Launcher args:	-jar "D:\MetaTrader\metaTraderBrokerAdmin-master\metadmin.exe"
Args length:	62/32768 chars
Exit code:	0
